<?xml version="1.0" encoding="UTF-8"?>
<!-- Generated by org.testng.reporters.JUnitReportReporter -->
<testsuite hostname="f49991479e7c" failures="0" tests="9" name="com.vigneshp.tests.vendorportal.VendorPortalTest" time="14.661" errors="0" timestamp="2026-06-19T11:28:04 GMT" skipped="0">
  <testcase classname="com.vigneshp.tests.vendorportal.VendorPortalTest" name="loginTest" time="1.079"/>
  <testcase classname="com.vigneshp.tests.vendorportal.VendorPortalTest" name="dashboardTest" time="2.352"/>
  <testcase classname="com.vigneshp.tests.vendorportal.VendorPortalTest" name="loginTest" time="1.074"/>
  <testcase classname="com.vigneshp.tests.vendorportal.VendorPortalTest" name="dashboardTest" time="2.351"/>
  <testcase classname="com.vigneshp.tests.vendorportal.VendorPortalTest" name="logoutTest" time="1.223"/>
  <testcase classname="com.vigneshp.tests.vendorportal.VendorPortalTest" name="logoutTest" time="1.243"/>
  <testcase classname="com.vigneshp.tests.vendorportal.VendorPortalTest" name="dashboardTest" time="3.099"/>
  <testcase classname="com.vigneshp.tests.vendorportal.VendorPortalTest" name="loginTest" time="1.074"/>
  <testcase classname="com.vigneshp.tests.vendorportal.VendorPortalTest" name="logoutTest" time="1.166"/>
</testsuite> <!-- com.vigneshp.tests.vendorportal.VendorPortalTest -->
