<?xml version="1.0" encoding="UTF-8"?>
<testng-results ignored="0" total="9" passed="9" failed="0" skipped="0">
  <reporter-output>
  </reporter-output>
  <suite started-at="2026-06-19T11:27:55 GMT" name="vendor-portal" finished-at="2026-06-19T11:28:04 GMT" duration-ms="8280">
    <groups>
    </groups>
    <test started-at="2026-06-19T11:27:55 GMT" name="user-sam" finished-at="2026-06-19T11:28:03 GMT" duration-ms="7610">
      <class name="com.vigneshp.tests.vendorportal.VendorPortalTest">
        <test-method is-config="true" signature="setDriver(org.testng.ITestContext)[pri:0, instance:com.vigneshp.tests.vendorportal.VendorPortalTest@4eaf3684]" started-at="2026-06-19T11:27:55 GMT" name="setDriver" finished-at="2026-06-19T11:27:58 GMT" duration-ms="2639" status="PASS">
          <params>
            <param index="0">
              <value>
                <![CDATA[org.testng.TestRunner@4b79ac84]]>
              </value>
            </param>
          </params>
          <reporter-output>
          </reporter-output>
        </test-method> <!-- setDriver -->
        <test-method is-config="true" signature="setPageObjects(java.lang.String)[pri:0, instance:com.vigneshp.tests.vendorportal.VendorPortalTest@4eaf3684]" started-at="2026-06-19T11:27:58 GMT" name="setPageObjects" finished-at="2026-06-19T11:27:58 GMT" depends-on-methods="com.vigneshp.tests.AbstractTest.setDriver" duration-ms="199" status="PASS">
          <params>
            <param index="0">
              <value>
                <![CDATA[test-data/vendor-portal/sam.json]]>
              </value>
            </param>
          </params>
          <reporter-output>
          </reporter-output>
        </test-method> <!-- setPageObjects -->
        <test-method signature="loginTest()[pri:0, instance:com.vigneshp.tests.vendorportal.VendorPortalTest@4eaf3684]" started-at="2026-06-19T11:27:58 GMT" name="loginTest" finished-at="2026-06-19T11:27:59 GMT" duration-ms="1079" status="PASS">
          <reporter-output>
          </reporter-output>
        </test-method> <!-- loginTest -->
        <test-method signature="dashboardTest()[pri:0, instance:com.vigneshp.tests.vendorportal.VendorPortalTest@4eaf3684]" started-at="2026-06-19T11:27:59 GMT" name="dashboardTest" finished-at="2026-06-19T11:28:02 GMT" depends-on-methods="com.vigneshp.tests.vendorportal.VendorPortalTest.loginTest" duration-ms="2351" status="PASS">
          <reporter-output>
          </reporter-output>
        </test-method> <!-- dashboardTest -->
        <test-method signature="logoutTest()[pri:0, instance:com.vigneshp.tests.vendorportal.VendorPortalTest@4eaf3684]" started-at="2026-06-19T11:28:02 GMT" name="logoutTest" finished-at="2026-06-19T11:28:03 GMT" depends-on-methods="com.vigneshp.tests.vendorportal.VendorPortalTest.dashboardTest" duration-ms="1243" status="PASS">
          <reporter-output>
          </reporter-output>
        </test-method> <!-- logoutTest -->
        <test-method is-config="true" signature="quitDriver()[pri:0, instance:com.vigneshp.tests.vendorportal.VendorPortalTest@4eaf3684]" started-at="2026-06-19T11:28:03 GMT" name="quitDriver" finished-at="2026-06-19T11:28:03 GMT" duration-ms="82" status="PASS">
          <reporter-output>
          </reporter-output>
        </test-method> <!-- quitDriver -->
      </class> <!-- com.vigneshp.tests.vendorportal.VendorPortalTest -->
    </test> <!-- user-sam -->
    <test started-at="2026-06-19T11:27:55 GMT" name="user-mike" finished-at="2026-06-19T11:28:03 GMT" duration-ms="7593">
      <class name="com.vigneshp.tests.vendorportal.VendorPortalTest">
        <test-method is-config="true" signature="setupConfig()[pri:0, instance:com.vigneshp.tests.vendorportal.VendorPortalTest@59e32960]" started-at="2026-06-19T11:27:55 GMT" name="setupConfig" finished-at="2026-06-19T11:27:55 GMT" duration-ms="18" status="PASS">
          <reporter-output>
          </reporter-output>
        </test-method> <!-- setupConfig -->
        <test-method is-config="true" signature="setDriver(org.testng.ITestContext)[pri:0, instance:com.vigneshp.tests.vendorportal.VendorPortalTest@59e32960]" started-at="2026-06-19T11:27:55 GMT" name="setDriver" finished-at="2026-06-19T11:27:58 GMT" duration-ms="2639" status="PASS">
          <params>
            <param index="0">
              <value>
                <![CDATA[org.testng.TestRunner@6dab9b6d]]>
              </value>
            </param>
          </params>
          <reporter-output>
          </reporter-output>
        </test-method> <!-- setDriver -->
        <test-method is-config="true" signature="setPageObjects(java.lang.String)[pri:0, instance:com.vigneshp.tests.vendorportal.VendorPortalTest@59e32960]" started-at="2026-06-19T11:27:58 GMT" name="setPageObjects" finished-at="2026-06-19T11:27:58 GMT" depends-on-methods="com.vigneshp.tests.AbstractTest.setDriver" duration-ms="199" status="PASS">
          <params>
            <param index="0">
              <value>
                <![CDATA[test-data/vendor-portal/mike.json]]>
              </value>
            </param>
          </params>
          <reporter-output>
          </reporter-output>
        </test-method> <!-- setPageObjects -->
        <test-method signature="loginTest()[pri:0, instance:com.vigneshp.tests.vendorportal.VendorPortalTest@59e32960]" started-at="2026-06-19T11:27:58 GMT" name="loginTest" finished-at="2026-06-19T11:27:59 GMT" duration-ms="1074" status="PASS">
          <reporter-output>
          </reporter-output>
        </test-method> <!-- loginTest -->
        <test-method signature="dashboardTest()[pri:0, instance:com.vigneshp.tests.vendorportal.VendorPortalTest@59e32960]" started-at="2026-06-19T11:27:59 GMT" name="dashboardTest" finished-at="2026-06-19T11:28:02 GMT" depends-on-methods="com.vigneshp.tests.vendorportal.VendorPortalTest.loginTest" duration-ms="2352" status="PASS">
          <reporter-output>
          </reporter-output>
        </test-method> <!-- dashboardTest -->
        <test-method signature="logoutTest()[pri:0, instance:com.vigneshp.tests.vendorportal.VendorPortalTest@59e32960]" started-at="2026-06-19T11:28:02 GMT" name="logoutTest" finished-at="2026-06-19T11:28:03 GMT" depends-on-methods="com.vigneshp.tests.vendorportal.VendorPortalTest.dashboardTest" duration-ms="1223" status="PASS">
          <reporter-output>
          </reporter-output>
        </test-method> <!-- logoutTest -->
        <test-method is-config="true" signature="quitDriver()[pri:0, instance:com.vigneshp.tests.vendorportal.VendorPortalTest@59e32960]" started-at="2026-06-19T11:28:03 GMT" name="quitDriver" finished-at="2026-06-19T11:28:03 GMT" duration-ms="87" status="PASS">
          <reporter-output>
          </reporter-output>
        </test-method> <!-- quitDriver -->
      </class> <!-- com.vigneshp.tests.vendorportal.VendorPortalTest -->
    </test> <!-- user-mike -->
    <test started-at="2026-06-19T11:27:55 GMT" name="user-john" finished-at="2026-06-19T11:28:04 GMT" duration-ms="8280">
      <class name="com.vigneshp.tests.vendorportal.VendorPortalTest">
        <test-method is-config="true" signature="setDriver(org.testng.ITestContext)[pri:0, instance:com.vigneshp.tests.vendorportal.VendorPortalTest@436c81a3]" started-at="2026-06-19T11:27:55 GMT" name="setDriver" finished-at="2026-06-19T11:27:58 GMT" duration-ms="2639" status="PASS">
          <params>
            <param index="0">
              <value>
                <![CDATA[org.testng.TestRunner@53941c2f]]>
              </value>
            </param>
          </params>
          <reporter-output>
          </reporter-output>
        </test-method> <!-- setDriver -->
        <test-method is-config="true" signature="setPageObjects(java.lang.String)[pri:0, instance:com.vigneshp.tests.vendorportal.VendorPortalTest@436c81a3]" started-at="2026-06-19T11:27:58 GMT" name="setPageObjects" finished-at="2026-06-19T11:27:58 GMT" depends-on-methods="com.vigneshp.tests.AbstractTest.setDriver" duration-ms="199" status="PASS">
          <params>
            <param index="0">
              <value>
                <![CDATA[test-data/vendor-portal/john.json]]>
              </value>
            </param>
          </params>
          <reporter-output>
          </reporter-output>
        </test-method> <!-- setPageObjects -->
        <test-method signature="loginTest()[pri:0, instance:com.vigneshp.tests.vendorportal.VendorPortalTest@436c81a3]" started-at="2026-06-19T11:27:58 GMT" name="loginTest" finished-at="2026-06-19T11:27:59 GMT" duration-ms="1074" status="PASS">
          <reporter-output>
          </reporter-output>
        </test-method> <!-- loginTest -->
        <test-method signature="dashboardTest()[pri:0, instance:com.vigneshp.tests.vendorportal.VendorPortalTest@436c81a3]" started-at="2026-06-19T11:27:59 GMT" name="dashboardTest" finished-at="2026-06-19T11:28:02 GMT" depends-on-methods="com.vigneshp.tests.vendorportal.VendorPortalTest.loginTest" duration-ms="3099" status="PASS">
          <reporter-output>
          </reporter-output>
        </test-method> <!-- dashboardTest -->
        <test-method signature="logoutTest()[pri:0, instance:com.vigneshp.tests.vendorportal.VendorPortalTest@436c81a3]" started-at="2026-06-19T11:28:02 GMT" name="logoutTest" finished-at="2026-06-19T11:28:04 GMT" depends-on-methods="com.vigneshp.tests.vendorportal.VendorPortalTest.dashboardTest" duration-ms="1166" status="PASS">
          <reporter-output>
          </reporter-output>
        </test-method> <!-- logoutTest -->
        <test-method is-config="true" signature="quitDriver()[pri:0, instance:com.vigneshp.tests.vendorportal.VendorPortalTest@436c81a3]" started-at="2026-06-19T11:28:04 GMT" name="quitDriver" finished-at="2026-06-19T11:28:04 GMT" duration-ms="83" status="PASS">
          <reporter-output>
          </reporter-output>
        </test-method> <!-- quitDriver -->
      </class> <!-- com.vigneshp.tests.vendorportal.VendorPortalTest -->
    </test> <!-- user-john -->
  </suite> <!-- vendor-portal -->
</testng-results>
